<?xml version="1.0" encoding="UTF-8"?>
<!-- Generated by org.testng.reporters.JUnitXMLReporter -->
<testsuite ignored="0" hostname="LAPTOP-TBQBESHO" failures="1" tests="10" name="ParabankTests" time="97.71" errors="0" timestamp="2025-10-03T08:38:11 IST">
  <testcase classname="testCase.TC01_Register" name="verifyuserRegistration" time="1.943"/>
  <testcase classname="testCase.TC02_login" name="verifyLogin" time="0.311"/>
  <testcase classname="testCase.TC03_OpenNewAccount" name="openNewAccount" time="2.866"/>
  <testcase classname="testCase.TC04_AccountOverview" name="test_AccountOverview" time="1.647"/>
  <testcase classname="testCase.TC05_Transferfund" name="test_TransferFunds" time="3.282"/>
  <testcase classname="testCase.TC06_Billpayment" name="test_BillPayment" time="4.577"/>
  <testcase classname="testCase.TC07_FindTransactions" name="verifyFindTransaction" time="12.404">
    <failure type="java.lang.AssertionError" message=" Transaction not found in Find Transactions! expected [true] but found [false]">
      <![CDATA[java.lang.AssertionError:  Transaction not found in Find Transactions! expected [true] but found [false]
at testCase.TC07_FindTransactions.verifyFindTransaction(TC07_FindTransactions.java:42)
at java.base/java.util.ArrayList.forEach(ArrayList.java:1596)
... Removed 28 stack frames]]>
    </failure>
  </testcase> <!-- verifyFindTransaction -->
  <testcase classname="testCase.TC08_Updatecontact" name="verifyUpdateContactInfo" time="3.277"/>
  <testcase classname="testCase.TC09_requestloan" name="test_RequestLoan" time="4.215"/>
  <testcase classname="testCase.TC10_LogOut" name="testLogoutAndCloseBrowser" time="2.482"/>
</testsuite> <!-- ParabankTests -->
