<?xml version="1.0" encoding="UTF-8"?>
<testng-results ignored="0" total="10" passed="9" failed="1" skipped="0">
  <reporter-output>
  </reporter-output>
  <suite started-at="2025-10-03T08:36:32 IST" name="ParabankSuite" finished-at="2025-10-03T08:38:10 IST" duration-ms="97710">
    <groups>
      <group name="regression">
        <method signature="TC01_Register.verifyuserRegistration()[pri:0, instance:testCase.TC01_Register@175c2241]" name="verifyuserRegistration" class="testCase.TC01_Register"/>
        <method signature="TC02_login.verifyLogin()[pri:0, instance:testCase.TC02_login@62ddbd7e]" name="verifyLogin" class="testCase.TC02_login"/>
        <method signature="TC03_OpenNewAccount.openNewAccount()[pri:0, instance:testCase.TC03_OpenNewAccount@74e52ef6]" name="openNewAccount" class="testCase.TC03_OpenNewAccount"/>
        <method signature="TC04_AccountOverview.test_AccountOverview()[pri:0, instance:testCase.TC04_AccountOverview@6ed3ccb2]" name="test_AccountOverview" class="testCase.TC04_AccountOverview"/>
        <method signature="TC05_Transferfund.test_TransferFunds()[pri:0, instance:testCase.TC05_Transferfund@1a677343]" name="test_TransferFunds" class="testCase.TC05_Transferfund"/>
        <method signature="TC06_Billpayment.test_BillPayment()[pri:0, instance:testCase.TC06_Billpayment@15de0b3c]" name="test_BillPayment" class="testCase.TC06_Billpayment"/>
        <method signature="TC07_FindTransactions.verifyFindTransaction()[pri:0, instance:testCase.TC07_FindTransactions@489115ef]" name="verifyFindTransaction" class="testCase.TC07_FindTransactions"/>
        <method signature="TC08_Updatecontact.verifyUpdateContactInfo()[pri:0, instance:testCase.TC08_Updatecontact@3857f613]" name="verifyUpdateContactInfo" class="testCase.TC08_Updatecontact"/>
        <method signature="TC09_requestloan.test_RequestLoan()[pri:0, instance:testCase.TC09_requestloan@198b6731]" name="test_RequestLoan" class="testCase.TC09_requestloan"/>
        <method signature="TC10_LogOut.testLogoutAndCloseBrowser()[pri:0, instance:testCase.TC10_LogOut@7c6908d7]" name="testLogoutAndCloseBrowser" class="testCase.TC10_LogOut"/>
      </group> <!-- regression -->
      <group name="smoke">
        <method signature="TC01_Register.verifyuserRegistration()[pri:0, instance:testCase.TC01_Register@175c2241]" name="verifyuserRegistration" class="testCase.TC01_Register"/>
        <method signature="TC02_login.verifyLogin()[pri:0, instance:testCase.TC02_login@62ddbd7e]" name="verifyLogin" class="testCase.TC02_login"/>
      </group> <!-- smoke -->
    </groups>
    <test started-at="2025-10-03T08:36:32 IST" name="ParabankTests" finished-at="2025-10-03T08:38:10 IST" duration-ms="97710">
      <class name="testCase.TC10_LogOut">
        <test-method is-config="true" signature="setup()[pri:0, instance:testCase.TC10_LogOut@7c6908d7]" started-at="2025-10-03T08:38:03 IST" name="setup" finished-at="2025-10-03T08:38:08 IST" duration-ms="4938" status="PASS">
          <reporter-output>
          </reporter-output>
        </test-method> <!-- setup -->
        <test-method signature="testLogoutAndCloseBrowser()[pri:0, instance:testCase.TC10_LogOut@7c6908d7]" started-at="2025-10-03T08:38:08 IST" name="testLogoutAndCloseBrowser" depends-on-groups="smoke" finished-at="2025-10-03T08:38:10 IST" duration-ms="2482" status="PASS">
          <reporter-output>
          </reporter-output>
        </test-method> <!-- testLogoutAndCloseBrowser -->
        <test-method is-config="true" signature="teardown()[pri:0, instance:testCase.TC10_LogOut@7c6908d7]" started-at="2025-10-03T08:38:10 IST" name="teardown" finished-at="2025-10-03T08:38:10 IST" duration-ms="0" status="PASS">
          <reporter-output>
          </reporter-output>
        </test-method> <!-- teardown -->
      </class> <!-- testCase.TC10_LogOut -->
      <class name="testCase.TC04_AccountOverview">
        <test-method is-config="true" signature="setup()[pri:0, instance:testCase.TC04_AccountOverview@6ed3ccb2]" started-at="2025-10-03T08:36:57 IST" name="setup" finished-at="2025-10-03T08:37:03 IST" duration-ms="5883" status="PASS">
          <reporter-output>
          </reporter-output>
        </test-method> <!-- setup -->
        <test-method signature="test_AccountOverview()[pri:0, instance:testCase.TC04_AccountOverview@6ed3ccb2]" started-at="2025-10-03T08:37:03 IST" name="test_AccountOverview" depends-on-groups="smoke" finished-at="2025-10-03T08:37:04 IST" duration-ms="1647" status="PASS">
          <reporter-output>
          </reporter-output>
        </test-method> <!-- test_AccountOverview -->
        <test-method is-config="true" signature="teardown()[pri:0, instance:testCase.TC04_AccountOverview@6ed3ccb2]" started-at="2025-10-03T08:37:04 IST" name="teardown" finished-at="2025-10-03T08:37:04 IST" duration-ms="1" status="PASS">
          <reporter-output>
          </reporter-output>
        </test-method> <!-- teardown -->
      </class> <!-- testCase.TC04_AccountOverview -->
      <class name="testCase.TC07_FindTransactions">
        <test-method is-config="true" signature="setup()[pri:0, instance:testCase.TC07_FindTransactions@489115ef]" started-at="2025-10-03T08:37:24 IST" name="setup" finished-at="2025-10-03T08:37:31 IST" duration-ms="6214" status="PASS">
          <reporter-output>
          </reporter-output>
        </test-method> <!-- setup -->
        <test-method signature="verifyFindTransaction()[pri:0, instance:testCase.TC07_FindTransactions@489115ef]" started-at="2025-10-03T08:37:31 IST" name="verifyFindTransaction" depends-on-groups="smoke" finished-at="2025-10-03T08:37:43 IST" duration-ms="12404" status="FAIL">
          <exception class="java.lang.AssertionError">
            <message>
              <![CDATA[ Transaction not found in Find Transactions! expected [true] but found [false]]]>
            </message>
            <full-stacktrace>
              <![CDATA[java.lang.AssertionError:  Transaction not found in Find Transactions! expected [true] but found [false]
at org.testng.Assert.fail(Assert.java:111)
at org.testng.Assert.failNotEquals(Assert.java:1590)
at org.testng.Assert.assertTrue(Assert.java:57)
at testCase.TC07_FindTransactions.verifyFindTransaction(TC07_FindTransactions.java:42)
at java.base/jdk.internal.reflect.DirectMethodHandleAccessor.invoke(DirectMethodHandleAccessor.java:103)
at java.base/java.lang.reflect.Method.invoke(Method.java:580)
at org.testng.internal.invokers.MethodInvocationHelper.invokeMethod(MethodInvocationHelper.java:141)
at org.testng.internal.invokers.TestInvoker.invokeMethod(TestInvoker.java:687)
at org.testng.internal.invokers.TestInvoker.invokeTestMethod(TestInvoker.java:230)
at org.testng.internal.invokers.MethodRunner.runInSequence(MethodRunner.java:63)
at org.testng.internal.invokers.TestInvoker$MethodInvocationAgent.invoke(TestInvoker.java:995)
at org.testng.internal.invokers.TestInvoker.invokeTestMethods(TestInvoker.java:203)
at org.testng.internal.invokers.TestMethodWorker.invokeTestMethods(TestMethodWorker.java:154)
at org.testng.internal.invokers.TestMethodWorker.run(TestMethodWorker.java:134)
at java.base/java.util.ArrayList.forEach(ArrayList.java:1596)
at org.testng.TestRunner.privateRun(TestRunner.java:741)
at org.testng.TestRunner.run(TestRunner.java:616)
at org.testng.SuiteRunner.runTest(SuiteRunner.java:421)
at org.testng.SuiteRunner.runSequentially(SuiteRunner.java:413)
at org.testng.SuiteRunner.privateRun(SuiteRunner.java:373)
at org.testng.SuiteRunner.run(SuiteRunner.java:312)
at org.testng.SuiteRunnerWorker.runSuite(SuiteRunnerWorker.java:52)
at org.testng.SuiteRunnerWorker.run(SuiteRunnerWorker.java:95)
at org.testng.TestNG.runSuitesSequentially(TestNG.java:1274)
at org.testng.TestNG.runSuitesLocally(TestNG.java:1208)
at org.testng.TestNG.runSuites(TestNG.java:1112)
at org.testng.TestNG.run(TestNG.java:1079)
at org.testng.remote.AbstractRemoteTestNG.run(AbstractRemoteTestNG.java:115)
at org.testng.remote.RemoteTestNG.initAndRun(RemoteTestNG.java:293)
at org.testng.remote.RemoteTestNG.main(RemoteTestNG.java:91)
]]>
            </full-stacktrace>
          </exception> <!-- java.lang.AssertionError -->
          <reporter-output>
          </reporter-output>
        </test-method> <!-- verifyFindTransaction -->
        <test-method is-config="true" signature="teardown()[pri:0, instance:testCase.TC07_FindTransactions@489115ef]" started-at="2025-10-03T08:37:43 IST" name="teardown" finished-at="2025-10-03T08:37:43 IST" duration-ms="0" status="PASS">
          <reporter-output>
          </reporter-output>
        </test-method> <!-- teardown -->
      </class> <!-- testCase.TC07_FindTransactions -->
      <class name="testCase.TC03_OpenNewAccount">
        <test-method is-config="true" signature="setup()[pri:0, instance:testCase.TC03_OpenNewAccount@74e52ef6]" started-at="2025-10-03T08:36:48 IST" name="setup" finished-at="2025-10-03T08:36:54 IST" duration-ms="5391" status="PASS">
          <reporter-output>
          </reporter-output>
        </test-method> <!-- setup -->
        <test-method signature="openNewAccount()[pri:0, instance:testCase.TC03_OpenNewAccount@74e52ef6]" started-at="2025-10-03T08:36:54 IST" name="openNewAccount" depends-on-groups="smoke" finished-at="2025-10-03T08:36:56 IST" duration-ms="2866" status="PASS">
          <reporter-output>
          </reporter-output>
        </test-method> <!-- openNewAccount -->
        <test-method is-config="true" signature="teardown()[pri:0, instance:testCase.TC03_OpenNewAccount@74e52ef6]" started-at="2025-10-03T08:36:57 IST" name="teardown" finished-at="2025-10-03T08:36:57 IST" duration-ms="0" status="PASS">
          <reporter-output>
          </reporter-output>
        </test-method> <!-- teardown -->
      </class> <!-- testCase.TC03_OpenNewAccount -->
      <class name="testCase.TC06_Billpayment">
        <test-method is-config="true" signature="setup()[pri:0, instance:testCase.TC06_Billpayment@15de0b3c]" started-at="2025-10-03T08:37:13 IST" name="setup" finished-at="2025-10-03T08:37:20 IST" duration-ms="6182" status="PASS">
          <reporter-output>
          </reporter-output>
        </test-method> <!-- setup -->
        <test-method signature="test_BillPayment()[pri:0, instance:testCase.TC06_Billpayment@15de0b3c]" started-at="2025-10-03T08:37:20 IST" name="test_BillPayment" depends-on-groups="smoke" finished-at="2025-10-03T08:37:24 IST" duration-ms="4577" status="PASS">
          <reporter-output>
          </reporter-output>
        </test-method> <!-- test_BillPayment -->
        <test-method is-config="true" signature="teardown()[pri:0, instance:testCase.TC06_Billpayment@15de0b3c]" started-at="2025-10-03T08:37:24 IST" name="teardown" finished-at="2025-10-03T08:37:24 IST" duration-ms="2" status="PASS">
          <reporter-output>
          </reporter-output>
        </test-method> <!-- teardown -->
      </class> <!-- testCase.TC06_Billpayment -->
      <class name="testCase.TC01_Register">
        <test-method is-config="true" signature="setup()[pri:0, instance:testCase.TC01_Register@175c2241]" started-at="2025-10-03T08:36:33 IST" name="setup" finished-at="2025-10-03T08:36:39 IST" duration-ms="6204" status="PASS">
          <reporter-output>
          </reporter-output>
        </test-method> <!-- setup -->
        <test-method signature="verifyuserRegistration()[pri:0, instance:testCase.TC01_Register@175c2241]" started-at="2025-10-03T08:36:39 IST" name="verifyuserRegistration" finished-at="2025-10-03T08:36:41 IST" duration-ms="1943" status="PASS">
          <reporter-output>
          </reporter-output>
        </test-method> <!-- verifyuserRegistration -->
        <test-method is-config="true" signature="teardown()[pri:0, instance:testCase.TC01_Register@175c2241]" started-at="2025-10-03T08:36:41 IST" name="teardown" finished-at="2025-10-03T08:36:41 IST" duration-ms="0" status="PASS">
          <reporter-output>
          </reporter-output>
        </test-method> <!-- teardown -->
      </class> <!-- testCase.TC01_Register -->
      <class name="testCase.TC08_Updatecontact">
        <test-method is-config="true" signature="setup()[pri:0, instance:testCase.TC08_Updatecontact@3857f613]" started-at="2025-10-03T08:37:43 IST" name="setup" finished-at="2025-10-03T08:37:49 IST" duration-ms="5776" status="PASS">
          <reporter-output>
          </reporter-output>
        </test-method> <!-- setup -->
        <test-method signature="verifyUpdateContactInfo()[pri:0, instance:testCase.TC08_Updatecontact@3857f613]" started-at="2025-10-03T08:37:49 IST" name="verifyUpdateContactInfo" depends-on-groups="smoke" finished-at="2025-10-03T08:37:52 IST" duration-ms="3277" status="PASS">
          <reporter-output>
          </reporter-output>
        </test-method> <!-- verifyUpdateContactInfo -->
        <test-method is-config="true" signature="teardown()[pri:0, instance:testCase.TC08_Updatecontact@3857f613]" started-at="2025-10-03T08:37:52 IST" name="teardown" finished-at="2025-10-03T08:37:52 IST" duration-ms="1" status="PASS">
          <reporter-output>
          </reporter-output>
        </test-method> <!-- teardown -->
      </class> <!-- testCase.TC08_Updatecontact -->
      <class name="testCase.TC02_login">
        <test-method is-config="true" signature="setup()[pri:0, instance:testCase.TC02_login@62ddbd7e]" started-at="2025-10-03T08:36:41 IST" name="setup" finished-at="2025-10-03T08:36:47 IST" duration-ms="5513" status="PASS">
          <reporter-output>
          </reporter-output>
        </test-method> <!-- setup -->
        <test-method signature="verifyLogin()[pri:0, instance:testCase.TC02_login@62ddbd7e]" started-at="2025-10-03T08:36:47 IST" name="verifyLogin" finished-at="2025-10-03T08:36:47 IST" duration-ms="311" status="PASS">
          <reporter-output>
          </reporter-output>
        </test-method> <!-- verifyLogin -->
        <test-method is-config="true" signature="teardown()[pri:0, instance:testCase.TC02_login@62ddbd7e]" started-at="2025-10-03T08:36:48 IST" name="teardown" finished-at="2025-10-03T08:36:48 IST" duration-ms="0" status="PASS">
          <reporter-output>
          </reporter-output>
        </test-method> <!-- teardown -->
      </class> <!-- testCase.TC02_login -->
      <class name="testCase.TC05_Transferfund">
        <test-method is-config="true" signature="setup()[pri:0, instance:testCase.TC05_Transferfund@1a677343]" started-at="2025-10-03T08:37:04 IST" name="setup" finished-at="2025-10-03T08:37:10 IST" duration-ms="5671" status="PASS">
          <reporter-output>
          </reporter-output>
        </test-method> <!-- setup -->
        <test-method signature="test_TransferFunds()[pri:0, instance:testCase.TC05_Transferfund@1a677343]" started-at="2025-10-03T08:37:10 IST" name="test_TransferFunds" depends-on-groups="smoke" finished-at="2025-10-03T08:37:13 IST" duration-ms="3282" status="PASS">
          <reporter-output>
          </reporter-output>
        </test-method> <!-- test_TransferFunds -->
        <test-method is-config="true" signature="teardown()[pri:0, instance:testCase.TC05_Transferfund@1a677343]" started-at="2025-10-03T08:37:13 IST" name="teardown" finished-at="2025-10-03T08:37:13 IST" duration-ms="1" status="PASS">
          <reporter-output>
          </reporter-output>
        </test-method> <!-- teardown -->
      </class> <!-- testCase.TC05_Transferfund -->
      <class name="testCase.TC09_requestloan">
        <test-method is-config="true" signature="setup()[pri:0, instance:testCase.TC09_requestloan@198b6731]" started-at="2025-10-03T08:37:52 IST" name="setup" finished-at="2025-10-03T08:37:58 IST" duration-ms="6041" status="PASS">
          <reporter-output>
          </reporter-output>
        </test-method> <!-- setup -->
        <test-method signature="test_RequestLoan()[pri:0, instance:testCase.TC09_requestloan@198b6731]" started-at="2025-10-03T08:37:58 IST" name="test_RequestLoan" depends-on-groups="smoke" finished-at="2025-10-03T08:38:03 IST" duration-ms="4215" status="PASS">
          <reporter-output>
          </reporter-output>
        </test-method> <!-- test_RequestLoan -->
        <test-method is-config="true" signature="teardown()[pri:0, instance:testCase.TC09_requestloan@198b6731]" started-at="2025-10-03T08:38:03 IST" name="teardown" finished-at="2025-10-03T08:38:03 IST" duration-ms="0" status="PASS">
          <reporter-output>
          </reporter-output>
        </test-method> <!-- teardown -->
      </class> <!-- testCase.TC09_requestloan -->
    </test> <!-- ParabankTests -->
  </suite> <!-- ParabankSuite -->
</testng-results>
